Sun Feb  6 07:31:38 UTC 2022
Mon Feb  7 00:20:22 UTC 2022
Tue Feb  8 00:20:17 UTC 2022
Wed Feb  9 00:20:38 UTC 2022
Thu Feb 10 00:21:55 UTC 2022
Fri Feb 11 00:21:07 UTC 2022
Sat Feb 12 00:22:29 UTC 2022
Sun Feb 13 00:23:21 UTC 2022
Mon Feb 14 00:21:18 UTC 2022
Tue Feb 15 00:21:49 UTC 2022
Wed Feb 16 00:20:57 UTC 2022
Thu Feb 17 00:20:20 UTC 2022
Fri Feb 18 00:24:29 UTC 2022
Sat Feb 19 00:26:33 UTC 2022
Sun Feb 20 00:28:31 UTC 2022
Mon Feb 21 00:24:42 UTC 2022
Tue Feb 22 00:24:05 UTC 2022
Wed Feb 23 00:28:16 UTC 2022
Thu Feb 24 00:25:36 UTC 2022
Fri Feb 25 00:25:43 UTC 2022
Sat Feb 26 00:23:55 UTC 2022
Sun Feb 27 00:26:57 UTC 2022
